  Source.cpp
c:\users\kicke\onedrive\documents\github\proyecto1---jos--batista\proyecto(caminar, saltar,correr)\source.cpp(24): warning C4101: 'event': variable local sin referencia
Source.obj : error LNK2019: símbolo externo "__declspec(dllimport) public: float __cdecl sf::Time::asSeconds(void)const " (__imp_?asSeconds@Time@sf@@QEBAMXZ) sin resolver al que se hace referencia en la función main
Source.obj : error LNK2019: símbolo externo "__declspec(dllimport) public: __cdecl sf::Clock::Clock(void)" (__imp_??0Clock@sf@@QEAA@XZ) sin resolver al que se hace referencia en la función main
Source.obj : error LNK2019: símbolo externo "__declspec(dllimport) public: class sf::Time __cdecl sf::Clock::restart(void)" (__imp_?restart@Clock@sf@@QEAA?AVTime@2@XZ) sin resolver al que se hace referencia en la función main
Source.obj : error LNK2019: símbolo externo "__declspec(dllimport) public: __cdecl sf::String::String(char const *,class std::locale const &)" (__imp_??0String@sf@@QEAA@PEBDAEBVlocale@std@@@Z) sin resolver al que se hace referencia en la función main
Source.obj : error LNK2019: símbolo externo "__declspec(dllimport) public: __cdecl sf::String::~String(void)" (__imp_??1String@sf@@QEAA@XZ) sin resolver al que se hace referencia en la función main
Source.obj : error LNK2019: símbolo externo "__declspec(dllimport) public: static bool __cdecl sf::Keyboard::isKeyPressed(enum sf::Keyboard::Key)" (__imp_?isKeyPressed@Keyboard@sf@@SA_NW4Key@12@@Z) sin resolver al que se hace referencia en la función main
Source.obj : error LNK2019: símbolo externo "__declspec(dllimport) public: __cdecl sf::VideoMode::VideoMode(unsigned int,unsigned int,unsigned int)" (__imp_??0VideoMode@sf@@QEAA@III@Z) sin resolver al que se hace referencia en la función main
Source.obj : error LNK2019: símbolo externo "__declspec(dllimport) public: void __cdecl sf::Window::close(void)" (__imp_?close@Window@sf@@QEAAXXZ) sin resolver al que se hace referencia en la función main
Source.obj : error LNK2019: símbolo externo "__declspec(dllimport) public: bool __cdecl sf::Window::isOpen(void)const " (__imp_?isOpen@Window@sf@@QEBA_NXZ) sin resolver al que se hace referencia en la función main
Source.obj : error LNK2019: símbolo externo "__declspec(dllimport) public: bool __cdecl sf::Window::pollEvent(class sf::Event &)" (__imp_?pollEvent@Window@sf@@QEAA_NAEAVEvent@2@@Z) sin resolver al que se hace referencia en la función main
Source.obj : error LNK2019: símbolo externo "__declspec(dllimport) public: void __cdecl sf::Window::setFramerateLimit(unsigned int)" (__imp_?setFramerateLimit@Window@sf@@QEAAXI@Z) sin resolver al que se hace referencia en la función main
Source.obj : error LNK2019: símbolo externo "__declspec(dllimport) public: void __cdecl sf::Window::display(void)" (__imp_?display@Window@sf@@QEAAXXZ) sin resolver al que se hace referencia en la función main
Source.obj : error LNK2019: símbolo externo "__declspec(dllimport) public: void __cdecl sf::Transformable::setPosition(class sf::Vector2<float> const &)" (__imp_?setPosition@Transformable@sf@@QEAAXAEBV?$Vector2@M@2@@Z) sin resolver al que se hace referencia en la función main
Source.obj : error LNK2019: símbolo externo "__declspec(dllimport) public: void __cdecl sf::Transformable::setScale(class sf::Vector2<float> const &)" (__imp_?setScale@Transformable@sf@@QEAAXAEBV?$Vector2@M@2@@Z) sin resolver al que se hace referencia en la función main
Source.obj : error LNK2019: símbolo externo "__declspec(dllimport) public: __cdecl sf::Texture::Texture(void)" (__imp_??0Texture@sf@@QEAA@XZ) sin resolver al que se hace referencia en la función main
Source.obj : error LNK2019: símbolo externo "__declspec(dllimport) public: __cdecl sf::Texture::~Texture(void)" (__imp_??1Texture@sf@@QEAA@XZ) sin resolver al que se hace referencia en la función main
Source.obj : error LNK2019: símbolo externo "__declspec(dllimport) public: bool __cdecl sf::Texture::loadFromFile(class std::basic_string<char,struct std::char_traits<char>,class std::allocator<char> > const &,class sf::Rect<int> const &)" (__imp_?loadFromFile@Texture@sf@@QEAA_NAEBV?$basic_string@DU?$char_traits@D@std@@V?$allocator@D@2@@std@@AEBV?$Rect@H@2@@Z) sin resolver al que se hace referencia en la función main
Source.obj : error LNK2019: símbolo externo "__declspec(dllimport) public: void __cdecl sf::RenderTarget::clear(class sf::Color const &)" (__imp_?clear@RenderTarget@sf@@QEAAXAEBVColor@2@@Z) sin resolver al que se hace referencia en la función main
Source.obj : error LNK2019: símbolo externo "__declspec(dllimport) public: void __cdecl sf::RenderTarget::draw(class sf::Drawable const &,class sf::RenderStates const &)" (__imp_?draw@RenderTarget@sf@@QEAAXAEBVDrawable@2@AEBVRenderStates@2@@Z) sin resolver al que se hace referencia en la función main
Source.obj : error LNK2019: símbolo externo "__declspec(dllimport) public: __cdecl sf::RenderWindow::RenderWindow(class sf::VideoMode,class sf::String const &,unsigned int,struct sf::ContextSettings const &)" (__imp_??0RenderWindow@sf@@QEAA@VVideoMode@1@AEBVString@1@IAEBUContextSettings@1@@Z) sin resolver al que se hace referencia en la función main
Source.obj : error LNK2019: símbolo externo "__declspec(dllimport) public: virtual __cdecl sf::RenderWindow::~RenderWindow(void)" (__imp_??1RenderWindow@sf@@UEAA@XZ) sin resolver al que se hace referencia en la función main
Source.obj : error LNK2019: símbolo externo "__declspec(dllimport) public: __cdecl sf::Sprite::Sprite(void)" (__imp_??0Sprite@sf@@QEAA@XZ) sin resolver al que se hace referencia en la función main
Source.obj : error LNK2019: símbolo externo "__declspec(dllimport) public: void __cdecl sf::Sprite::setTexture(class sf::Texture const &,bool)" (__imp_?setTexture@Sprite@sf@@QEAAXAEBVTexture@2@_N@Z) sin resolver al que se hace referencia en la función main
Source.obj : error LNK2019: símbolo externo "__declspec(dllimport) public: class sf::Rect<float> __cdecl sf::Sprite::getGlobalBounds(void)const " (__imp_?getGlobalBounds@Sprite@sf@@QEBA?AV?$Rect@M@2@XZ) sin resolver al que se hace referencia en la función main
Source.obj : error LNK2019: símbolo externo "__declspec(dllimport) public: virtual __cdecl sf::Sprite::~Sprite(void)" (__imp_??1Sprite@sf@@UEAA@XZ) sin resolver al que se hace referencia en la función main
Source.obj : error LNK2019: símbolo externo "public: void __cdecl World::setGravity(struct Vec2 const &)" (?setGravity@World@@QEAAXAEBUVec2@@@Z) sin resolver al que se hace referencia en la función main
Source.obj : error LNK2019: símbolo externo "public: void __cdecl World::addBody(struct Body *)" (?addBody@World@@QEAAXPEAUBody@@@Z) sin resolver al que se hace referencia en la función main
Source.obj : error LNK2019: símbolo externo "public: void __cdecl World::Step(float)" (?Step@World@@QEAAXM@Z) sin resolver al que se hace referencia en la función main
Source.obj : error LNK2001: símbolo externo "__declspec(dllimport) public: static class sf::RenderStates const sf::RenderStates::Default" (__imp_?Default@RenderStates@sf@@2V12@B) sin resolver
Source.obj : error LNK2001: símbolo externo "__declspec(dllimport) public: static class sf::Color const sf::Color::Transparent" (__imp_?Transparent@Color@sf@@2V12@B) sin resolver
C:\Users\kicke\OneDrive\Documents\GitHub\Proyecto1---Jos--Batista\G-Engine\lib\G-engine 1.lib : warning LNK4272: el tipo de máquina de biblioteca 'x86' está en conflicto con el tipo de máquina de destino 'x64'
C:\Users\kicke\OneDrive\Documents\GitHub\Proyecto1---Jos--Batista\x64\Debug\proyecto(caminar, saltar,correr).exe : fatal error LNK1120: 30 externos sin resolver
